<?xml version="1.0" encoding="UTF-8"?>
<!-- Generated by org.testng.reporters.JUnitReportReporter -->
<testsuite hostname="DESKTOP-SE2CFHJ" failures="0" tests="1" name="smallcase_Assignment.AddProductToFlipkartAndAmazon" time="84.567" errors="0" timestamp="2022-12-08T13:27:39 IST" skipped="0">
  <testcase classname="smallcase_Assignment.AddProductToFlipkartAndAmazon" name="addProduct" time="84.567"/>
  <system-out/>
</testsuite> <!-- smallcase_Assignment.AddProductToFlipkartAndAmazon -->
